<?xml version="1.0" encoding="UTF-8"?>
<testsuite name="com.neohear.audio.pipeline.ResponseCaptureTest" tests="8" skipped="0" failures="0" errors="0" timestamp="2026-08-17T10:57:25" hostname="Apples-MacBook-Air.local" time="0.004">
  <properties/>
  <testcase name="replayCapture_stopPreventsCapture" classname="com.neohear.audio.pipeline.ResponseCaptureTest" time="0.001"/>
  <testcase name="replayCapture_noNoise_exactCopy" classname="com.neohear.audio.pipeline.ResponseCaptureTest" time="0.0"/>
  <testcase name="replayCapture_resetAllowsRecapture" classname="com.neohear.audio.pipeline.ResponseCaptureTest" time="0.0"/>
  <testcase name="capturedRepetition_equality" classname="com.neohear.audio.pipeline.ResponseCaptureTest" time="0.0"/>
  <testcase name="replayCapture_capturesSpecifiedRepetitions" classname="com.neohear.audio.pipeline.ResponseCaptureTest" time="0.0"/>
  <testcase name="replayCapture_notCapturingInitially" classname="com.neohear.audio.pipeline.ResponseCaptureTest" time="0.0"/>
  <testcase name="replayCapture_withNoise_addsVariability" classname="com.neohear.audio.pipeline.ResponseCaptureTest" time="0.003"/>
  <testcase name="replayCapture_zeroRepetitions" classname="com.neohear.audio.pipeline.ResponseCaptureTest" time="0.0"/>
  <system-out><![CDATA[]]></system-out>
  <system-err><![CDATA[]]></system-err>
</testsuite>
