<?xml version="1.0" encoding="UTF-8"?>
<testsuite name="com.neohear.audio.waveform.WaveformFixtureLoaderTest" tests="7" skipped="0" failures="0" errors="0" timestamp="2026-08-17T10:57:26" hostname="Apples-MacBook-Air.local" time="0.011">
  <properties/>
  <testcase name="allFixturesHaveWaveformData" classname="com.neohear.audio.waveform.WaveformFixtureLoaderTest" time="0.004"/>
  <testcase name="loadAllFixtures" classname="com.neohear.audio.waveform.WaveformFixtureLoaderTest" time="0.004"/>
  <testcase name="loadBorderlineFixture" classname="com.neohear.audio.waveform.WaveformFixtureLoaderTest" time="0.0"/>
  <testcase name="loadFromJsonString" classname="com.neohear.audio.waveform.WaveformFixtureLoaderTest" time="0.0"/>
  <testcase name="loadPassFixture" classname="com.neohear.audio.waveform.WaveformFixtureLoaderTest" time="0.001"/>
  <testcase name="loadNonExistentResource_throws" classname="com.neohear.audio.waveform.WaveformFixtureLoaderTest" time="0.002"/>
  <testcase name="loadReferFixture" classname="com.neohear.audio.waveform.WaveformFixtureLoaderTest" time="0.0"/>
  <system-out><![CDATA[]]></system-out>
  <system-err><![CDATA[]]></system-err>
</testsuite>
