<?xml version="1.0" encoding="UTF-8"?>
<testsuite name="com.neohear.data.ReferralDaoTest" tests="7" skipped="0" failures="0" errors="0" timestamp="2026-08-17T10:57:30" hostname="Apples-MacBook-Air.local" time="0.138">
  <properties/>
  <testcase name="referralWithFollowUpLog" classname="com.neohear.data.ReferralDaoTest" time="0.024"/>
  <testcase name="getIncompleteReferrals_includesAllNonCompletedStatuses" classname="com.neohear.data.ReferralDaoTest" time="0.02"/>
  <testcase name="updateReferralStatus" classname="com.neohear.data.ReferralDaoTest" time="0.021"/>
  <testcase name="referResult_linksToNewReferral" classname="com.neohear.data.ReferralDaoTest" time="0.019"/>
  <testcase name="getReferralsForPatient" classname="com.neohear.data.ReferralDaoTest" time="0.019"/>
  <testcase name="insertAndGetById" classname="com.neohear.data.ReferralDaoTest" time="0.017"/>
  <testcase name="getIncompleteReferrals_excludesCompleted" classname="com.neohear.data.ReferralDaoTest" time="0.018"/>
  <system-out><![CDATA[]]></system-out>
  <system-err><![CDATA[]]></system-err>
</testsuite>
