<?xml version="1.0" encoding="UTF-8"?>
<testsuite name="com.neohear.audio.pipeline.AmbientNoiseCheckerTest" tests="7" skipped="0" failures="0" errors="0" timestamp="2026-08-17T10:57:25" hostname="Apples-MacBook-Air.local" time="0.01">
  <properties/>
  <testcase name="checkNoiseLevel_loud_fails" classname="com.neohear.audio.pipeline.AmbientNoiseCheckerTest" time="0.007"/>
  <testcase name="checkNoiseLevel_dBScale" classname="com.neohear.audio.pipeline.AmbientNoiseCheckerTest" time="0.0"/>
  <testcase name="checkNoiseLevel_customThreshold" classname="com.neohear.audio.pipeline.AmbientNoiseCheckerTest" time="0.0"/>
  <testcase name="checkNoiseLevel_veryQuiet_passes" classname="com.neohear.audio.pipeline.AmbientNoiseCheckerTest" time="0.0"/>
  <testcase name="checkNoiseLevel_emptySample" classname="com.neohear.audio.pipeline.AmbientNoiseCheckerTest" time="0.0"/>
  <testcase name="checkNoiseLevel_silence_passes" classname="com.neohear.audio.pipeline.AmbientNoiseCheckerTest" time="0.001"/>
  <testcase name="ambientNoiseResult_hasAllFields" classname="com.neohear.audio.pipeline.AmbientNoiseCheckerTest" time="0.0"/>
  <system-out><![CDATA[]]></system-out>
  <system-err><![CDATA[]]></system-err>
</testsuite>
