<?xml version="1.0" encoding="UTF-8"?>
<testsuite name="com.neohear.data.DashboardDaoTest" tests="5" skipped="0" failures="0" errors="0" timestamp="2026-08-17T10:57:26" hostname="Apples-MacBook-Air.local" time="4.302">
  <properties/>
  <testcase name="dashboardCounts_referralStatusAggregation" classname="com.neohear.data.DashboardDaoTest" time="4.219"/>
  <testcase name="dashboardCounts_testSessionAggregation" classname="com.neohear.data.DashboardDaoTest" time="0.025"/>
  <testcase name="dashboardCounts_emptyDatabase" classname="com.neohear.data.DashboardDaoTest" time="0.018"/>
  <testcase name="dashboardCounts_dateRangeFiltering" classname="com.neohear.data.DashboardDaoTest" time="0.021"/>
  <testcase name="dashboardCounts_lostToFollowUp_countsAsPending" classname="com.neohear.data.DashboardDaoTest" time="0.019"/>
  <system-out><![CDATA[]]></system-out>
  <system-err><![CDATA[]]></system-err>
</testsuite>
